<?xml version="1.0" encoding="UTF-8"?>
<!-- Generated by org.testng.reporters.JUnitReportReporter -->
<testsuite hostname="DESKTOP-FFTQ1QM" failures="0" tests="3" name="com.testrunner.TestRunner" time="32.579" errors="0" timestamp="06 Jan 2022 04:38:01 GMT" skipped="0">
  <testcase classname="com.testrunner.TestRunner" name="runScenario" time="11.112"/>
  <testcase classname="com.testrunner.TestRunner" name="runScenario" time="10.311"/>
  <testcase classname="com.testrunner.TestRunner" name="runScenario" time="11.156"/>
</testsuite> <!-- com.testrunner.TestRunner -->
