<?xml version="1.0" encoding="UTF-8"?>
<!-- Generated by org.testng.reporters.JUnitReportReporter -->
<testsuite hostname="DESKTOP-FFTQ1QM" failures="0" tests="3" name="com.testrunner.TestRunner" time="25.555" errors="0" timestamp="23 Dec 2021 17:58:10 GMT" skipped="0">
  <testcase classname="com.testrunner.TestRunner" name="runScenario" time="8.762"/>
  <testcase classname="com.testrunner.TestRunner" name="runScenario" time="8.758"/>
  <testcase classname="com.testrunner.TestRunner" name="runScenario" time="8.035"/>
</testsuite> <!-- com.testrunner.TestRunner -->
